<?xml version="1.0" encoding="UTF-8"?>
<!-- Generated by org.testng.reporters.JUnitReportReporter -->
<testsuite hostname="ARBUEL018" name="testcases.Urls" tests="5" failures="0" timestamp="7 Jan 2016 18:22:54 GMT" time="14.117" errors="0">
  <testcase name="testCostos" time="0.397" classname="testcases.Urls"/>
  <testcase name="testMaestros" time="0.216" classname="testcases.Urls"/>
  <testcase name="testLoginUserValidoAdmin" time="13.382" classname="testcases.Urls"/>
  <testcase name="testInventarios" time="0.078" classname="testcases.Urls"/>
  <testcase name="testVentas" time="0.044" classname="testcases.Urls"/>
</testsuite> <!-- testcases.Urls -->
