<?xml version="1.0" encoding="UTF-8"?>
<!-- Generated by org.testng.reporters.JUnitReportReporter -->
<testsuite hostname="ARBUEL018" name="firefoxPruebas.PruebaDeUrls" tests="1" failures="0" timestamp="11 Jan 2016 12:28:06 GMT" time="6.020" errors="0">
  <testcase name="testLoginUserValidoAdmin" time="6.020" classname="firefoxPruebas.PruebaDeUrls"/>
</testsuite> <!-- firefoxPruebas.PruebaDeUrls -->
