<?xml version="1.0" encoding="UTF-8"?>
<!-- Generated by org.testng.reporters.JUnitReportReporter -->
<testsuite hostname="ARBUEL027" name="testcases.PruebaDeUrls" tests="13" failures="0" timestamp="4 Jan 2016 18:04:50 GMT" time="64.592" errors="0">
  <testcase name="testDrivers" time="2.332" classname="testcases.PruebaDeUrls"/>
  <testcase name="testLoginUserValidoAdmin" time="5.912" classname="testcases.PruebaDeUrls"/>
  <testcase name="testBrandCodes" time="2.934" classname="testcases.PruebaDeUrls"/>
  <testcase name="testCategorias" time="2.462" classname="testcases.PruebaDeUrls"/>
  <testcase name="testInventarios" time="5.085" classname="testcases.PruebaDeUrls"/>
  <testcase name="testPresentaciones" time="2.327" classname="testcases.PruebaDeUrls"/>
  <testcase name="testCostos" time="14.653" classname="testcases.PruebaDeUrls"/>
  <testcase name="testMaestros" time="14.568" classname="testcases.PruebaDeUrls"/>
  <testcase name="testVentas" time="2.180" classname="testcases.PruebaDeUrls"/>
  <testcase name="testConceptoDeItems" time="2.546" classname="testcases.PruebaDeUrls"/>
  <testcase name="testMgnClass" time="5.017" classname="testcases.PruebaDeUrls"/>
  <testcase name="testMexicoCategorias" time="2.038" classname="testcases.PruebaDeUrls"/>
  <testcase name="testFamiliaDeProductos" time="2.538" classname="testcases.PruebaDeUrls"/>
</testsuite> <!-- testcases.PruebaDeUrls -->
