<?xml version="1.0" encoding="UTF-8"?>
<!-- Generated by org.testng.reporters.JUnitReportReporter -->
<testsuite hostname="ARBUEL027" name="testcases.Urls" tests="5" failures="0" timestamp="4 Jan 2016 18:04:50 GMT" time="45.338" errors="0">
  <testcase name="testLoginUserValidoAdmin" time="6.957" classname="testcases.Urls"/>
  <testcase name="testVentas" time="2.609" classname="testcases.Urls"/>
  <testcase name="testMaestros" time="16.955" classname="testcases.Urls"/>
  <testcase name="testCostos" time="13.976" classname="testcases.Urls"/>
  <testcase name="testInventarios" time="4.841" classname="testcases.Urls"/>
</testsuite> <!-- testcases.Urls -->
