<?xml version="1.0" encoding="UTF-8"?>
<!-- Generated by org.testng.reporters.JUnitReportReporter -->
<testsuite hostname="ARBUEL018" name="testcases.Urls" tests="5" failures="0" timestamp="14 Dec 2015 18:18:52 GMT" time="17.942" errors="0">
  <testcase name="testInventarios" time="1.327" classname="testcases.Urls"/>
  <testcase name="testVentas" time="0.715" classname="testcases.Urls"/>
  <testcase name="testCostos" time="4.928" classname="testcases.Urls"/>
  <testcase name="testMaestros" time="4.890" classname="testcases.Urls"/>
  <testcase name="testLoginUserValidoAdmin" time="6.082" classname="testcases.Urls"/>
</testsuite> <!-- testcases.Urls -->
