<?xml version="1.0" encoding="UTF-8"?>
<!-- Generated by org.testng.reporters.JUnitReportReporter -->
<testsuite hostname="ARBUEL018" name="chromePruebas.Urls" tests="5" failures="0" timestamp="13 Jan 2016 14:28:58 GMT" time="13.125" errors="0">
  <testcase name="testMaestros" time="3.601" classname="chromePruebas.Urls"/>
  <testcase name="testCostos" time="3.022" classname="chromePruebas.Urls"/>
  <testcase name="testInventarios" time="0.761" classname="chromePruebas.Urls"/>
  <testcase name="testVentas" time="0.346" classname="chromePruebas.Urls"/>
  <testcase name="testLoginUserValidoAdmin" time="5.395" classname="chromePruebas.Urls"/>
</testsuite> <!-- chromePruebas.Urls -->
