<?xml version="1.0" encoding="UTF-8"?>
<!-- Generated by org.testng.reporters.JUnitReportReporter -->
<testsuite hostname="ARBUEL018" name="chromePruebas.Login" tests="1" failures="0" timestamp="13 Jan 2016 14:29:47 GMT" time="5.407" errors="0">
  <testcase name="testLoginUserValidoAdmin" time="5.407" classname="chromePruebas.Login"/>
</testsuite> <!-- chromePruebas.Login -->
