<?xml version="1.0" encoding="UTF-8"?>
<!-- Generated by org.testng.reporters.JUnitReportReporter -->
<testsuite hostname="ARBUEL018" name="testcases.Login" tests="5" failures="0" timestamp="7 Jan 2016 18:22:54 GMT" time="124.474" errors="0">
  <testcase name="testLoginUserInvalidoEspacioVacio" time="20.873" classname="testcases.Login"/>
  <testcase name="testLoginUserInvalidoAdm2" time="17.450" classname="testcases.Login"/>
  <testcase name="testLoginUserValidoAdmin" time="22.798" classname="testcases.Login"/>
  <testcase name="testLoginUserInvalidoAdmin2" time="16.065" classname="testcases.Login"/>
  <testcase name="testLoginUserInvalidoCaracteresRaros" time="47.288" classname="testcases.Login"/>
</testsuite> <!-- testcases.Login -->
