<?xml version="1.0" encoding="UTF-8"?>
<!-- Generated by org.testng.reporters.JUnitReportReporter -->
<testsuite hostname="ARBUEL018" name="chromePruebas.CostosBudgetRompeFiltro" tests="10" failures="0" timestamp="13 Jan 2016 14:28:58 GMT" time="61.905" errors="0">
  <testcase name="costosBudgetSeteoCampoAnio1" time="6.384" classname="chromePruebas.CostosBudgetRompeFiltro"/>
  <testcase name="costosBudgetSeteoBloqueadoSi" time="6.357" classname="chromePruebas.CostosBudgetRompeFiltro"/>
  <testcase name="costosBudgetSeteoCampoDescripcion3" time="6.292" classname="chromePruebas.CostosBudgetRompeFiltro"/>
  <testcase name="costosBudgetSeteoCampoDescripcion1" time="6.255" classname="chromePruebas.CostosBudgetRompeFiltro"/>
  <testcase name="costosBudgetSeteoCampoDescripcion4" time="6.180" classname="chromePruebas.CostosBudgetRompeFiltro"/>
  <testcase name="costosBudgetSeteoCampoAnio2" time="6.197" classname="chromePruebas.CostosBudgetRompeFiltro"/>
  <testcase name="costosBudgetSeteoCampoAnio3" time="6.083" classname="chromePruebas.CostosBudgetRompeFiltro"/>
  <testcase name="costosBudgetSeteoCampoDescripcion2" time="5.971" classname="chromePruebas.CostosBudgetRompeFiltro"/>
  <testcase name="testLoginUserValidoAdmin" time="5.411" classname="chromePruebas.CostosBudgetRompeFiltro"/>
  <testcase name="costosBudgetSeteoBloqueadoNo" time="6.775" classname="chromePruebas.CostosBudgetRompeFiltro"/>
</testsuite> <!-- chromePruebas.CostosBudgetRompeFiltro -->
