<?xml version="1.0" encoding="UTF-8"?>
<!-- Generated by org.testng.reporters.JUnitReportReporter -->
<testsuite hostname="ARBUEL027" name="testcases.Login" tests="5" failures="0" timestamp="4 Jan 2016 18:04:50 GMT" time="132.397" errors="0">
  <testcase name="testLoginUserInvalidoAdm2" time="25.340" classname="testcases.Login"/>
  <testcase name="testLoginUserInvalidoEspacioVacio" time="27.585" classname="testcases.Login"/>
  <testcase name="testLoginUserValidoAdmin" time="25.569" classname="testcases.Login"/>
  <testcase name="testLoginUserInvalidoAdmin2" time="25.685" classname="testcases.Login"/>
  <testcase name="testLoginUserInvalidoCaracteresRaros" time="28.218" classname="testcases.Login"/>
</testsuite> <!-- testcases.Login -->
