<?xml version="1.0" encoding="UTF-8"?>
<!-- Generated by org.testng.reporters.JUnitReportReporter -->
<testsuite hostname="ARBUEL018" name="testcases.CostosBudgetRompeFiltro" tests="10" failures="0" timestamp="7 Jan 2016 18:22:54 GMT" time="62.836" errors="0">
  <testcase name="costosBudgetSeteoBloqueadoSi" time="6.861" classname="testcases.CostosBudgetRompeFiltro"/>
  <testcase name="testLoginUserValidoAdmin" time="6.004" classname="testcases.CostosBudgetRompeFiltro"/>
  <testcase name="costosBudgetSeteoCampoDescripcion4" time="6.160" classname="testcases.CostosBudgetRompeFiltro"/>
  <testcase name="costosBudgetSeteoCampoAnio3" time="6.011" classname="testcases.CostosBudgetRompeFiltro"/>
  <testcase name="costosBudgetSeteoCampoDescripcion3" time="6.122" classname="testcases.CostosBudgetRompeFiltro"/>
  <testcase name="costosBudgetSeteoCampoDescripcion2" time="6.151" classname="testcases.CostosBudgetRompeFiltro"/>
  <testcase name="costosBudgetSeteoBloqueadoNo" time="7.329" classname="testcases.CostosBudgetRompeFiltro"/>
  <testcase name="costosBudgetSeteoCampoAnio1" time="6.085" classname="testcases.CostosBudgetRompeFiltro"/>
  <testcase name="costosBudgetSeteoCampoAnio2" time="6.062" classname="testcases.CostosBudgetRompeFiltro"/>
  <testcase name="costosBudgetSeteoCampoDescripcion1" time="6.051" classname="testcases.CostosBudgetRompeFiltro"/>
</testsuite> <!-- testcases.CostosBudgetRompeFiltro -->
