<?xml version="1.0" encoding="UTF-8"?>
<!-- Generated by org.testng.reporters.JUnitReportReporter -->
<testsuite hostname="ARBUEL018" name="chromePruebas.PruebaDeUrls" tests="13" failures="0" timestamp="13 Jan 2016 14:28:58 GMT" time="145.218" errors="0">
  <testcase name="testVentas" time="11.140" classname="chromePruebas.PruebaDeUrls"/>
  <testcase name="testPresentaciones" time="5.550" classname="chromePruebas.PruebaDeUrls"/>
  <testcase name="testMgnClass" time="11.172" classname="chromePruebas.PruebaDeUrls"/>
  <testcase name="testCategorias" time="5.563" classname="chromePruebas.PruebaDeUrls"/>
  <testcase name="testMexicoCategorias" time="5.532" classname="chromePruebas.PruebaDeUrls"/>
  <testcase name="testMaestros" time="33.718" classname="chromePruebas.PruebaDeUrls"/>
  <testcase name="testInventarios" time="11.096" classname="chromePruebas.PruebaDeUrls"/>
  <testcase name="testCostos" time="33.358" classname="chromePruebas.PruebaDeUrls"/>
  <testcase name="testDrivers" time="5.602" classname="chromePruebas.PruebaDeUrls"/>
  <testcase name="testConceptoDeItems" time="5.584" classname="chromePruebas.PruebaDeUrls"/>
  <testcase name="testLoginUserValidoAdmin" time="5.423" classname="chromePruebas.PruebaDeUrls"/>
  <testcase name="testFamiliaDeProductos" time="5.643" classname="chromePruebas.PruebaDeUrls"/>
  <testcase name="testBrandCodes" time="5.837" classname="chromePruebas.PruebaDeUrls"/>
</testsuite> <!-- chromePruebas.PruebaDeUrls -->
