<?xml version="1.0" encoding="UTF-8"?>
<!-- Generated by org.testng.reporters.JUnitReportReporter -->
<testsuite hostname="ARBUEL018" name="testcases.PruebaDeUrls" tests="13" failures="0" timestamp="7 Jan 2016 18:22:54 GMT" time="45.322" errors="0">
  <testcase name="testLoginUserValidoAdmin" time="10.864" classname="testcases.PruebaDeUrls"/>
  <testcase name="testConceptoDeItems" time="1.594" classname="testcases.PruebaDeUrls"/>
  <testcase name="testVentas" time="0.857" classname="testcases.PruebaDeUrls"/>
  <testcase name="testDrivers" time="1.165" classname="testcases.PruebaDeUrls"/>
  <testcase name="testBrandCodes" time="3.339" classname="testcases.PruebaDeUrls"/>
  <testcase name="testMexicoCategorias" time="1.056" classname="testcases.PruebaDeUrls"/>
  <testcase name="testCostos" time="8.217" classname="testcases.PruebaDeUrls"/>
  <testcase name="testFamiliaDeProductos" time="1.904" classname="testcases.PruebaDeUrls"/>
  <testcase name="testMaestros" time="8.511" classname="testcases.PruebaDeUrls"/>
  <testcase name="testPresentaciones" time="1.229" classname="testcases.PruebaDeUrls"/>
  <testcase name="testMgnClass" time="2.682" classname="testcases.PruebaDeUrls"/>
  <testcase name="testInventarios" time="2.746" classname="testcases.PruebaDeUrls"/>
  <testcase name="testCategorias" time="1.158" classname="testcases.PruebaDeUrls"/>
</testsuite> <!-- testcases.PruebaDeUrls -->
